<?xml version="1.0" encoding="UTF-8"?>
<!-- Generated by org.testng.reporters.JUnitReportReporter -->
<testsuite hostname="Preetam" failures="0" tests="1" name="salesForce.com.tests.SalesForce_Auto_TestScripts" time="5.093" errors="0" timestamp="2023-06-21T11:19:34 EDT" skipped="0">
  <testcase classname="salesForce.com.tests.SalesForce_Auto_TestScripts" name="TestCase1_InvalidLogin" time="5.093"/>
  <system-out/>
</testsuite> <!-- salesForce.com.tests.SalesForce_Auto_TestScripts -->
